#
# A fatal error has been detected by the Java Runtime Environment:
#
#  Internal Error (0xc0020001), pid=8028, tid=0x000000c4
#
# JRE version: Java(TM) SE Runtime Environment (8.0_101-b13) (build 1.8.0_101-b13)
# Java VM: Java HotSpot(TM) Client VM (25.101-b13 mixed mode windows-x86 )
# Problematic frame:
# C  [KERNELBASE.dll+0xbdb18]
#
# Failed to write core dump. Minidumps are not enabled by default on client versions of Windows
#
# If you would like to submit a bug report, please visit:
#   http://bugreport.java.com/bugreport/crash.jsp
# The crash happened outside the Java Virtual Machine in native code.
# See problematic frame for where to report the bug.
#

---------------  T H R E A D  ---------------

Current thread (0x0c4af400):  JavaThread "Thread-4" daemon [_thread_in_native, id=196, stack(0x0a7f0000,0x0a8f0000)]

siginfo: ExceptionCode=0xc0020001, ExceptionInformation=0x8007042b 

Registers:
EAX=0x0a8ee3b0, EBX=0x0001d4c0, ECX=0x00000001, EDX=0x00000000
ESP=0x0a8ee3b0, EBP=0x0a8ee40c, ESI=0x0888f428, EDI=0x0c4af400
EIP=0x7751db18, EFLAGS=0x00000212

Top of Stack: (sp=0x0a8ee3b0)
0x0a8ee3b0:   c0020001 00000001 00000000 7751db18
0x0a8ee3c0:   00000001 8007042b 123bac50 0a8ee3d8
0x0a8ee3d0:   123baa48 10180708 0a8ee548 10180b38
0x0a8ee3e0:   0e67651b 0001d4c0 00006cfc 000167c4
0x0a8ee3f0:   0e676303 0001d4c0 1017ff28 123bac50
0x0a8ee400:   0a8ee414 af79d6c6 5e4ae8aa 0a8ee428
0x0a8ee410:   6270f5eb c0020001 00000001 00000001
0x0a8ee420:   0a8ee424 8007042b 0a8ee438 6269e4f3 

Instructions: (pc=0x7751db18)
0x7751daf8:   e0 01 c7 44 24 0c d0 da 51 77 89 44 24 04 85 c9
0x7751db08:   75 1f 21 4c 24 10 8d 04 24 50 ff 15 78 a3 5b 77
0x7751db18:   8b 4c 24 54 33 cc e8 11 12 02 00 8b e5 5d c2 10
0x7751db28:   00 8b 45 10 83 f8 0f 77 18 89 44 24 10 c1 e0 02 


Register to memory mapping:

EAX=0x0a8ee3b0 is pointing into the stack for thread: 0x0c4af400
EBX=0x0001d4c0 is an unknown value
ECX=0x00000001 is an unknown value
EDX=0x00000000 is an unknown value
ESP=0x0a8ee3b0 is pointing into the stack for thread: 0x0c4af400
EBP=0x0a8ee40c is pointing into the stack for thread: 0x0c4af400
ESI=0x0888f428 is an unknown value
EDI=0x0c4af400 is a thread


Stack: [0x0a7f0000,0x0a8f0000],  sp=0x0a8ee3b0,  free space=1016k
Native frames: (J=compiled Java code, j=interpreted, Vv=VM code, C=native code)
C  [KERNELBASE.dll+0xbdb18]
C  [mscorwks.dll+0x24f5eb]
C  [mscorwks.dll+0x1de4f3]
C  [mscorwks.dll+0x1e8d]
J 185  flash.tools.debugger.__IProgress.setProgress(II)V (0 bytes) @ 0x1018495e [0x101848d0+0x8e]
J 186 C1 flash.tools.debugger.concrete.PlayerSessionManager.accept(Lflash/tools/debugger/concrete/ProcessListener;Lflash/tools/debugger/IProgress;)Lflash/tools/debugger/Session; (167 bytes) @ 0x10184f0c [0x10184c50+0x2bc]
j  flash.tools.debugger.concrete.PlayerSessionManager.accept(Lflash/tools/debugger/IProgress;)Lflash/tools/debugger/Session;+3
v  ~StubRoutines::call_stub
V  [jvm.dll+0x15a2e5]
V  [jvm.dll+0x21ff6e]
V  [jvm.dll+0x15a37e]
V  [jvm.dll+0xdc17b]
V  [jvm.dll+0xddcdc]
C  [mscorwks.dll+0x1d39]
C  0x00d3bf87
C  0x0ac30dbf
C  0x0e675f64
C  0x0e67471c
C  0x0e674615
C  [System.ni.dll+0x4a1f7d]
C  [System.ni.dll+0x4a1cde]
C  [mscorwks.dll+0x1b6c]
C  [mscorwks.dll+0x1854b]
C  [mscorwks.dll+0x30168b]
C  [mscorwks.dll+0x301b22]
C  [mscorlib.ni.dll+0x1b9653]
C  [mscorlib.ni.dll+0x7b76d6]
C  [mscorlib.ni.dll+0x7b7698]
C  [mscorlib.ni.dll+0x20a9c3]
C  [mscorlib.ni.dll+0x20a859]
C  [mscorwks.dll+0x1b6c]
C  [mscorwks.dll+0x1854b]
C