#
# A fatal error has been detected by the Java Runtime Environment:
#
#  Internal Error (0xc0020001), pid=2736, tid=2520
#
# JRE version: Java(TM) SE Runtime Environment (8.0_31-b13) (build 1.8.0_31-b13)
# Java VM: Java HotSpot(TM) Client VM (25.31-b07 mixed mode windows-x86 )
# Problematic frame:
# C  [KERNELBASE.dll+0x14598]
#
# Failed to write core dump. Minidumps are not enabled by default on client versions of Windows
#
# If you would like to submit a bug report, please visit:
#   http://bugreport.java.com/bugreport/crash.jsp
# The crash happened outside the Java Virtual Machine in native code.
# See problematic frame for where to report the bug.
#

---------------  T H R E A D  ---------------

Current thread (0x0f43bc00):  JavaThread "Thread-1" daemon [_thread_in_native, id=2520, stack(0x0acf0000,0x0adf0000)]

siginfo: ExceptionCode=0xc0020001, ExceptionInformation=0x8007042b 

Registers:
EAX=0x0adee780, EBX=0x0eff0ef8, ECX=0x00000001, EDX=0x00000000
ESP=0x0adee780, EBP=0x0adee7dc, ESI=0x00f3e3f0, EDI=0x0f43bc00
EIP=0x76934598, EFLAGS=0x00000212

Top of Stack: (sp=0x0adee780)
0x0adee780:   c0020001 00000001 00000000 76934598
0x0adee790:   00000001 8007042b 0adee7e0 0f43bc00
0x0adee7a0:   0adee7f8 65913851 0f0070ae 0f0070ae
0x0adee7b0:   0f43bc00 00000000 0f004698 0f43bc00
0x0adee7c0:   0adee7ec 65962156 0f43bc00 65962232
0x0adee7d0:   0f438300 4cc18b72 0f0071d0 0adee7f8
0x0adee7e0:   6c5df47b c0020001 00000001 00000001
0x0adee7f0:   0adee7f4 8007042b 0adee808 6c56e29e 

Instructions: (pc=0x76934598)
0x76934578:   e0 01 c7 44 24 0c 50 45 93 76 89 44 24 04 85 c9
0x76934588:   75 1f 21 4c 24 10 8d 04 24 50 ff 15 2c 63 9e 76
0x76934598:   8b 4c 24 54 33 cc e8 11 a7 ff ff 8b e5 5d c2 10
0x769345a8:   00 8b 45 10 83 f8 0f 77 18 89 44 24 10 c1 e0 02 


Register to memory mapping:

EAX=0x0adee780 is pointing into the stack for thread: 0x0f43bc00
EBX={method} {0x0eff0efc} 'setProgress' '(II)V' in 'flash/tools/debugger/__IProgress'
ECX=0x00000001 is an unknown value
EDX=0x00000000 is an unknown value
ESP=0x0adee780 is pointing into the stack for thread: 0x0f43bc00
EBP=0x0adee7dc is pointing into the stack for thread: 0x0f43bc00
ESI=0x00f3e3f0 is an unknown value
EDI=0x0f43bc00 is a thread


Stack: [0x0acf0000,0x0adf0000],  sp=0x0adee780,  free space=1017k
Native frames: (J=compiled Java code, j=interpreted, Vv=VM code, C=native code)
C  [KERNELBASE.dll+0x14598]
C  [mscorwks.dll+0x24f47b]
C  [mscorwks.dll+0x1de29e]
C  [mscorwks.dll+0x1e8d]
j  flash.tools.debugger.__IProgress.setProgress(II)V+0
j  flash.tools.debugger.concrete.PlayerSessionManager.accept(Lflash/tools/debugger/concrete/ProcessListener;Lflash/tools/debugger/IProgress;)Lflash/tools/debugger/Session;+96
j  flash.tools.debugger.concrete.PlayerSessionManager.accept(Lflash/tools/debugger/IProgress;)Lflash/tools/debugger/Session;+3
v  ~StubRoutines::call_stub
V  [jvm.dll+0x1473e5]
V  [jvm.dll+0x20d57e]
V  [jvm.dll+0x14747e]
V  [jvm.dll+0xd0e67]
V  [jvm.dll+0xd29cc]
C  [mscorwks.dll+0x1d39]
C  0x00d6bf13
C  0x0d2f27ff
C  0x0feb76fc
C  0x0feb5ea4
C  0x0feb5da5
C  [System.ni.dll+0x4a177d]
C  [System.ni.dll+0x4a14de]
C  [mscorwks.dll+0x1b6c]
C  [mscorwks.dll+0x18fba]
C  [mscorwks.dll+0x301473]
C  [mscorwks.dll+0x30190a]
C  [mscorlib.ni.dll+0x1b95c3]
C  [mscorlib.ni.dll+0x7b75b6]
C  [mscorlib.ni.dll+0x7b7578]
C  [mscorlib.ni.dll+0x20a913]
C  [mscorlib.ni.dll+0x20a7a9]
C  [mscorwks.dll+0x1b6c]
C  [mscorwks.dll+0x18fba]
C  [mscorwks.dll+0x195ab]
C  [mscorwks.dll+0x195ec]
C  [mscorwks.dll+0x19659]
C  [mscorwks.dll+0xa5ebf]
C  [mscorwks.dll+0x4547f]
C  [mscorwks.dll+0x4541b]
C  [mscorwks.dll+0x4533a]
C  [mscorwks.dll+0x454cd]
C  [mscorwks.dll+0x49274]
C  [mscorwks.dll+0xa5b54]
C  [mscorwks.dll+0x48f0d]
C  [mscorwks.dll+0x160ae9]
C  [KERNEL32.dll+0x17c04]
C  [ntdll.dll+0x5ad1f]
C  [ntdll.dll+0x5acea]
C  0x00000000

Java frames: (J=compiled Java code, j=interpreted, Vv=VM code)
j  flash.tools.debugger.__IProgress.setProgress(II)V+0
j  flash.tools.debugger.concrete.PlayerSessionManager.accept(Lflash/tools/debugger/concrete/ProcessListener;Lflash/tools/debugger/IProgress;)Lflash/tools/debugger/Session;+96
j  flash.tools.debugger.concrete.PlayerSessionManager.accept(Lflash/tools/debugger/IProgress;)Lflash/tools/debugger/Session;+3
v  ~StubRoutines::call_stub

---------------  P R O C E S S  ---------------

Java Threads: ( => current thread )
=>0x0f43bc00 JavaThread "Thread-1" daemon [_thread_in_native, id=2520, stack(0x0acf0000,0x0adf0000)]
  0x0f3a5c00 JavaThread "Thread-0" daemon [_thread_in_native, id=2292, stack(0x028e0000,0x029e0000)]
  0x0f30c400 JavaThread "Service Thread" daemon [_thread_blocked, id=788, stack(0x0fb60000,0x0fc60000)]
  0x0f305400 JavaThread "C1 CompilerThread0" daemon [_thread_blocked, id=2072, stack(0x0fa20000,0x0fb20000)]
  0x0f304800 JavaThread "Attach Listener" daemon [_thread_blocked, id=2500, stack(0x0f8e0000,0x0f9e0000)]
  0x0f30ec00 JavaThread "Signal Dispatcher" daemon [_thread_blocked, id=2892, stack(0x0f7a0000,0x0f8a0000)]
  0x0f2e4400 JavaThread "Finalizer" daemon [_thread_blocked, id=1212, stack(0x0f660000,0x0f760000)]
  0x0d13e400 JavaThread "Reference Handler" daemon [_thread_blocked, id=708, stack(0x0f520000,0x0f620000)]
  0x0d1fc000 JavaThread "main" [_thread_in_native, id=2416, stack(0x00b40000,0x00c40000)]

Other Threads:
  0x0d13a800 VMThread [stack: 0x0f1e0000,0x0f2e0000] [id=5068]
  0x0f30d400 WatcherThread [stack: 0x0fca0000,0x0fda0000] [id=4576]

VM state:not at safepoint (normal execution)

VM Mutex/Monitor currently owned by a thread: None

Heap:
 def new generation   total 4928K, used 742K [0x12200000, 0x12750000, 0x17750000)
  eden space 4416K,   5% used [0x12200000, 0x12239aa0, 0x12650000)
  from space 512K, 100% used [0x126d0000, 0x12750000, 0x12750000)
  to   space 512K,   0% used [0x12650000, 0x12650000, 0x126d0000)
 tenured generation   total 10944K, used 730K [0x17750000, 0x18200000, 0x22200000)
   the space 10944K,   6% used [0x17750000, 0x17806b90, 0x17806c00, 0x18200000)
 Metaspace       used 2658K, capacity 2888K, committed 3008K, reserved 4480K

Card table byte_map: [0x0d200000,0x0d290000] byte_map_base: 0x0d16f000

Polling page: 0x0b010000

CodeCache: size=32768Kb used=773Kb max_used=773Kb free=31994Kb
 bounds [0x100b0000, 0x10178000, 0x120b0000]
 total_blobs=211 nmethods=68 adapters=75
 compilation: enabled

Compilation events (10 events):
Event: 0.418 Thread 0x0f305400   64             sun.misc.VM::allowArraySyntax (4 bytes)
Event: 0.418 Thread 0x0f305400 nmethod 64 0x10170808 code [0x10170900, 0x10170980]
Event: 0.429 Thread 0x0f305400   65             java.lang.Character::toLowerCase (6 bytes)
Event: 0.429 Thread 0x0f305400 nmethod 65 0x101709c8 code [0x10170ad0, 0x10170b78]
Event: 0.435 Thread 0x0f305400   66             java.lang.AbstractStringBuilder::expandCapacity (50 bytes)
Event: 0.436 Thread 0x0f305400 nmethod 66 0x10170c08 code [0x10170d20, 0x10170f58]
Event: 0.447 Thread 0x0f305400   67             java.lang.String::lastIndexOf (13 bytes)
Event: 0.447 Thread 0x0f305400 nmethod 67 0x101712c8 code [0x101713d0, 0x1017146c]
Event: 4.074 Thread 0x0f305400   68             java.lang.ref.Reference::<init> (25 bytes)
Event: 4.074 Thread 0x0f305400 nmethod 68 0x10171508 code [0x10171600, 0x101716b0]

GC Heap History (2 events):
Event: 1.200 GC heap before
{Heap before GC invocations=0 (full 0):
 def new generation   total 4928K, used 4416K [0x12200000, 0x12750000, 0x17750000)
  eden space 4416K, 100% used [0x12200000, 0x12650000, 0x12650000)
  from space 512K,   0% used [0x12650000, 0x12650000, 0x126d0000)
  to   space 512K,   0% used [0x126d0000, 0x126d0000, 0x12750000)
 tenured generation   total 10944K, used 0K [0x17750000, 0x18200000, 0x22200000)
   the space 10944K,   0% used [0x17750000, 0x17750000, 0x17750200, 0x18200000)
 Metaspace       used 2657K, capacity 2888K, committed 3008K, reserved 4480K
Event: 1.202 GC heap after
Heap after GC invocations=1 (full 0):
 def new generation   total 4928K, used 512K [0x12200000, 0x12750000, 0x17750000)
  eden space 4416K,   0% used [0x12200000, 0x12200000, 0x12650000)
  from space 512K, 100% used [0x126d0000, 0x12750000, 0x12750000)
  to   space 512K,   0% used [0x12650000, 0x12650000, 0x126d0000)
 tenured generation   total 10944K, used 730K [0x17750000, 0x18200000, 0x22200000)
   the space 10944K,   6% used [0x17750000, 0x17806b90, 0x17806c00, 0x18200000)
 Metaspace       used 2657K, capacity 2888K, committed 3008K, reserved 4480K
}

Deoptimization events (0 events):
No events

Internal exceptions (10 events):
Event: 23.640 Thread 0x0f43bc00 Exception <a 'java/net/SocketTimeoutException': Accept timed out> (0x122320a8) thrown at [C:\re\workspace\8-2-build-windows-i586-cygwin\jdk8u31\2394\hotspot\src\share\vm\prims\jni.cpp, line 742]
Event: 23.749 Thread 0x0f43bc00 Exception <a 'java/net/SocketTimeoutException': Accept timed out> (0x12232480) thrown at [C:\re\workspace\8-2-build-windows-i586-cygwin\jdk8u31\2394\hotspot\src\share\vm\prims\jni.cpp, line 742]
Event: 23.859 Thread 0x0f43bc00 Exception <a 'java/net/SocketTimeoutException': Accept timed out> (0x12232858) thrown at [C:\re\workspace\8-2-build-windows-i586-cygwin\jdk8u31\2394\hotspot\src\share\vm\prims\jni.cpp, line 742]
Event: 23.968 Thread 0x0f43bc00 Exception <a 'java/net/SocketTimeoutException': Accept timed out> (0x12232c30) thrown at [C:\re\workspace\8-2-build-windows-i586-cygwin\jdk8u31\2394\hotspot\src\share\vm\prims\jni.cpp, line 742]
Event: 24.077 Thread 0x0f43bc00 Exception <a 'java/net/SocketTimeoutException': Accept timed out> (0x12233008) thrown at [C:\re\workspace\8-2-build-windows-i586-cygwin\jdk8u31\2394\hotspot\src\share\vm\prims\jni.cpp, line 742]
Event: 24.187 Thread 0x0f43bc00 Exception <a 'java/net/SocketTimeoutException': Accept timed out> (0x122333e0) thrown at [C:\re\workspace\8-2-build-windows-i586-cygwin\jdk8u31\2394\hotspot\src\share\vm\prims\jni.cpp, line 742]
Event: 24.296 Thread 0x0f43bc00 Exception <a 'java/net/SocketTimeoutException': Accept timed out> (0x122337b8) thrown at [C:\re\workspace\8-2-build-windows-i586-cygwin\jdk8u31\2394\hotspot\src\share\vm\prims\jni.cpp, line 742]
Event: 24.405 Thread 0x0f43bc00 Exception <a 'java/net/SocketTimeoutException': Accept timed out> (0x12233b90) thrown at [C:\re\workspace\8-2-build-windows-i586-cygwin\jdk8u31\2394\hotspot\src\share\vm\prims\jni.cpp, line 742]
Event: 24.515 Thread 0x0f43bc00 Exception <a 'java/net/SocketTimeoutException': Accept timed out> (0x12233f68) thrown at [C:\re\workspace\8-2-build-windows-i586-cygwin\jdk8u31\2394\hotspot\src\share\vm\prims\jni.cpp, line 742]
Event: 24.624 Thread 0x0f43bc00 Exception <a 'java/net/SocketTimeoutException': Accept timed out> (0x12234340) thrown at [C:\re\workspace\8-2-build-windows-i586-cygwin\jdk8u31\2394\hotspot\src\share\vm\prims\jni.cpp, line 742]

Events (10 events):
Event: 0.447 loading class java/net/Inet6Address
Event: 0.447 loading class java/net/Inet6Address done
Event: 0.447 loading class java/net/Inet6Address$Inet6AddressHolder
Event: 0.448 loading class java/net/Inet6Address$Inet6AddressHolder done
Event: 0.449 loading class java/net/Socket
Event: 0.449 loading class java/net/Socket done
Event: 1.200 Executing VM operation: GenCollectForAllocation
Event: 1.202 Executing VM operation: GenCollectForAllocation done
Event: 4.105 Executing VM operation: EnableBiasedLocking
Event: 4.105 Executing VM operation: EnableBiasedLocking done


Dynamic libraries:
0x00a60000 - 0x00ac0000 	C:\Program Files (x86)\FlashDevelop\FlashDevelop.exe
0x77320000 - 0x7748e000 	C:\Windows\SYSTEM32\ntdll.dll
0x74990000 - 0x749e6000 	C:\Windows\SYSTEM32\MSCOREE.DLL
0x76410000 - 0x76550000 	C:\Windows\SYSTEM32\KERNEL32.dll
0x76920000 - 0x769f7000 	C:\Windows\SYSTEM32\KERNELBASE.dll
0x771d0000 - 0x7724c000 	C:\Windows\SYSTEM32\ADVAPI32.dll
0x762f0000 - 0x763b3000 	C:\Windows\SYSTEM32\msvcrt.dll
0x77150000 - 0x77191000 	C:\Windows\SYSTEM32\sechost.dll
0x76af0000 - 0x76baa000 	C:\Windows\SYSTEM32\RPCRT4.dll
0x74b20000 - 0x74b3e000 	C:\Windows\SYSTEM32\SspiCli.dll
0x74b10000 - 0x74b1a000 	C:\Windows\SYSTEM32\CRYPTBASE.dll
0x74ab0000 - 0x74b04000 	C:\Windows\SYSTEM32\bcryptPrimitives.dll
0x74910000 - 0x74989000 	C:\Windows\Microsoft.NET\Framework\v4.0.30319\mscoreei.dll
0x75e60000 - 0x75ea5000 	C:\Windows\SYSTEM32\SHLWAPI.dll
0x760d0000 - 0x7624d000 	C:\Windows\SYSTEM32\combase.dll
0x76e20000 - 0x76f73000 	C:\Windows\SYSTEM32\USER32.dll
0x76600000 - 0x7670e000 	C:\Windows\SYSTEM32\GDI32.dll
0x771a0000 - 0x771c7000 	C:\Windows\system32\IMM32.DLL
0x76d00000 - 0x76e12000 	C:\Windows\SYSTEM32\MSCTF.dll
0x749f0000 - 0x749f9000 	C:\Windows\SYSTEM32\kernel.appcore.dll
0x74900000 - 0x74908000 	C:\Windows\SYSTEM32\VERSION.dll
0x6c390000 - 0x6c940000 	C:\Windows\Microsoft.NET\Framework\v2.0.50727\mscorwks.dll
0x6c2f0000 - 0x6c38b000 	C:\Windows\WinSxS\x86_microsoft.vc80.crt_1fc8b3b9a1e18e3b_8.0.50727.8428_none_d08a11e2442dc25d\MSVCR80.dll
0x74b40000 - 0x75ded000 	C:\Windows\SYSTEM32\shell32.dll
0x72100000 - 0x7218b000 	C:\Windows\SYSTEM32\SHCORE.dll
0x72190000 - 0x7219f000 	C:\Windows\SYSTEM32\profapi.dll
0x6b7f0000 - 0x6c2ea000 	C:\Windows\assembly\NativeImages_v2.0.50727_32\mscorlib\5bd3374f05d46ba0563f44d032209f08\mscorlib.ni.dll
0x76bb0000 - 0x76cd8000 	C:\Windows\SYSTEM32\ole32.dll
0x71760000 - 0x7184d000 	C:\Windows\system32\uxtheme.dll
0x71f70000 - 0x71fcb000 	C:\Windows\Microsoft.NET\Framework\v2.0.50727\mscorjit.dll
0x72ff0000 - 0x73009000 	C:\Windows\SYSTEM32\CRYPTSP.dll
0x72fc0000 - 0x72ff0000 	C:\Windows\system32\rsaenh.dll
0x72fa0000 - 0x72fbe000 	C:\Windows\SYSTEM32\bcrypt.dll
0x05480000 - 0x056d2000 	C:\Program Files (x86)\FlashDevelop\PluginCore.dll
0x6b040000 - 0x6b7e3000 	C:\Windows\assembly\NativeImages_v2.0.50727_32\System\4976746d2f27ea6b60301a84d6c3e4be\System.ni.dll
0x6e6b0000 - 0x6e839000 	C:\Windows\assembly\NativeImages_v2.0.50727_32\System.Drawing\7904ecbf722f1caec4b39e7d7ad3d302\System.Drawing.ni.dll
0x6a460000 - 0x6b040000 	C:\Windows\assembly\NativeImages_v2.0.50727_32\System.Windows.Forms\133152b6df870592541fe18bb5a6f833\System.Windows.Forms.ni.dll
0x69f20000 - 0x6a45b000 	C:\Windows\assembly\NativeImages_v2.0.50727_32\System.Xml\49201f5658aca21352debffb85ff41df\System.Xml.ni.dll
0x71850000 - 0x7185a000 	C:\Windows\SYSTEM32\secur32.dll
0x70890000 - 0x708aa000 	C:\Windows\system32\dwmapi.dll
0x69bc0000 - 0x69d30000 	C:\Windows\WinSxS\x86_microsoft.windows.gdiplus_6595b64144ccf1df_1.1.9600.17415_none_dad8722c5bcc2d8f\gdiplus.dll
0x6f020000 - 0x6f1a2000 	C:\Windows\SYSTEM32\DWrite.dll
0x71f60000 - 0x71f66000 	C:\Windows\SYSTEM32\shfolder.dll
0x6e470000 - 0x6e6a4000 	C:\Windows\assembly\NativeImages_v2.0.50727_32\System.Core\035d2a25a1bf16475e1bbc0a112b3388\System.Core.ni.dll
0x69810000 - 0x6997b000 	C:\Windows\SYSTEM32\WindowsCodecs.dll
0x76710000 - 0x767a5000 	C:\Windows\SYSTEM32\oleaut32.dll
0x070d0000 - 0x0713c000 	C:\Windows\assembly\GAC_MSIL\System.Windows.Forms.resources\2.0.0.0_pl_b77a5c561934e089\System.Windows.Forms.resources.dll
0x71be0000 - 0x71de6000 	C:\Windows\WinSxS\x86_microsoft.windows.common-controls_6595b64144ccf1df_6.0.9600.17810_none_a9edf09f013934e0\comctl32.dll
0x07260000 - 0x07298000 	C:\Program Files (x86)\FlashDevelop\Plugins\AirProperties.dll
0x07220000 - 0x07230000 	C:\Program Files (x86)\FlashDevelop\Plugins\AS2Context.dll
0x072e0000 - 0x0738c000 	C:\Program Files (x86)\FlashDevelop\Plugins\ASCompletion.dll
0x07440000 - 0x07466000 	C:\Program Files (x86)\FlashDevelop\Plugins\AS3Context.dll
0x07500000 - 0x0752e000 	C:\Program Files (x86)\FlashDevelop\Plugins\XMLCompletion.dll
0x07560000 - 0x0758c000 	C:\Program Files (x86)\FlashDevelop\Aga.dll
0x71290000 - 0x712b8000 	C:\Windows\SYSTEM32\ntmarta.dll
0x07610000 - 0x07620000 	C:\Program Files (x86)\FlashDevelop\Plugins\ASClassWizard.dll
0x68100000 - 0x6818c000 	C:\Windows\SYSTEM32\RichEd20.DLL
0x680e0000 - 0x680f6000 	C:\Windows\SYSTEM32\USP10.dll
0x680a0000 - 0x680d3000 	C:\Windows\SYSTEM32\msls31.dll
0x07770000 - 0x0777a000 	C:\Program Files (x86)\FlashDevelop\Plugins\BasicCompletion.dll
0x07780000 - 0x0778c000 	C:\Program Files (x86)\FlashDevelop\Plugins\BookmarkPanel.dll
0x077a0000 - 0x077a8000 	C:\Program Files (x86)\FlashDevelop\Plugins\BridgeSettings.dll
0x077c0000 - 0x077ca000 	C:\Program Files (x86)\FlashDevelop\Plugins\CodeAnalyzer.dll
0x077e0000 - 0x07874000 	C:\Program Files (x86)\FlashDevelop\Plugins\CodeFormatter.dll
0x07980000 - 0x079a4000 	C:\Program Files (x86)\FlashDevelop\Antlr3.dll
0x079b0000 - 0x079c8000 	C:\Program Files (x86)\FlashDevelop\Plugins\CodeRefactor.dll
0x07a10000 - 0x07a1c000 	C:\Program Files (x86)\FlashDevelop\Plugins\CssCompletion.dll
0x07a20000 - 0x07a28000 	C:\Program Files (x86)\FlashDevelop\Plugins\DataEncoder.dll
0x07a40000 - 0x07a72000 	C:\Program Files (x86)\FlashDevelop\Plugins\fdb.j4n.dll
0x08b30000 - 0x08c06000 	C:\Program Files (x86)\FlashDevelop\Plugins\jni4net.n-0.8.8.0.dll
0x07af0000 - 0x07afe000 	C:\Program Files (x86)\FlashDevelop\Plugins\FileExplorer.dll
0x07b10000 - 0x07b1a000 	C:\Program Files (x86)\FlashDevelop\Plugins\FlashConnect.dll
0x07b30000 - 0x07b5a000 	C:\Program Files (x86)\FlashDevelop\Plugins\FlashDebugger.dll
0x07cb0000 - 0x07cbc000 	C:\Program Files (x86)\FlashDevelop\Plugins\FlashLogViewer.dll
0x08c20000 - 0x08c34000 	C:\Program Files (x86)\FlashDevelop\Plugins\FlashViewer.dll
0x08d50000 - 0x08dbc000 	C:\Program Files (x86)\FlashDevelop\Plugins\ProjectManager.dll
0x08c80000 - 0x08c94000 	C:\Program Files (x86)\FlashDevelop\Plugins\HaXeContext.dll
0x08de0000 - 0x08de8000 	C:\Program Files (x86)\FlashDevelop\Plugins\jni4net.n.w32.v20-0.8.8.0.dll
0x08e00000 - 0x08e0e000 	C:\Program Files (x86)\FlashDevelop\Plugins\LayoutManager.dll
0x097e0000 - 0x09cb6000 	C:\Windows\assembly\GAC_MSIL\System.Design\2.0.0.0__b03f5f7f11d50a3a\System.Design.dll
0x08e60000 - 0x08e72000 	C:\Program Files (x86)\FlashDevelop\Plugins\LoomContext.dll
0x08eb0000 - 0x08ebc000 	C:\Program Files (x86)\FlashDevelop\Plugins\MacroManager.dll
0x08ed0000 - 0x08edc000 	C:\Program Files (x86)\FlashDevelop\Plugins\OutputPanel.dll
0x09230000 - 0x0923a000 	C:\Program Files (x86)\FlashDevelop\Plugins\PHPContext.dll
0x09270000 - 0x0928e000 	C:\Program Files (x86)\FlashDevelop\SwfOp.dll
0x70c50000 - 0x70d11000 	C:\Windows\assembly\NativeImages_v2.0.50727_32\System.Runtime.Remo#\42668ca5c417ea0facce3297686ace7a\System.Runtime.Remoting.ni.dll
0x09f00000 - 0x09f0e000 	C:\Program Files (x86)\FlashDevelop\Plugins\ResultsPanel.dll
0x09f60000 - 0x09f76000 	C:\Program Files (x86)\FlashDevelop\Plugins\SourceControl.dll
0x09f80000 - 0x09f8a000 	C:\Program Files (x86)\FlashDevelop\Plugins\StartPage.dll
0x65c50000 - 0x667b3000 	C:\Windows\assembly\NativeImages_v2.0.50727_32\System.Web\77306c568257db3a14e6670f5ac04f01\System.Web.ni.dll
0x09fa0000 - 0x09fac000 	C:\Program Files (x86)\FlashDevelop\Plugins\TaskListPanel.dll
0x09fd0000 - 0x09fe4000 	C:\Users\synek\AppData\Local\FlashDevelop\Plugins\FindReplaceEx.dll
0x76f90000 - 0x77141000 	C:\Windows\SYSTEM32\SETUPAPI.dll
0x76ab0000 - 0x76aec000 	C:\Windows\SYSTEM32\CFGMGR32.dll
0x6ed40000 - 0x6ee33000 	C:\Windows\assembly\NativeImages_v2.0.50727_32\System.Configuration\ee6d89830b1aea077e5fc12fb95df6a0\System.Configuration.ni.dll
0x71f40000 - 0x71f5e000 	C:\Windows\Microsoft.NET\Framework\v2.0.50727\shfusion.dll
0x70f30000 - 0x70fb9000 	C:\Windows\WinSxS\x86_microsoft.windows.common-controls_6595b64144ccf1df_5.82.9600.17810_none_7c5b6194aa0716f1\COMCTL32.dll
0x71f30000 - 0x71f36000 	C:\Windows\Microsoft.NET\Framework\v2.0.50727\Fusion.dll
0x71f20000 - 0x71f28000 	C:\Windows\Microsoft.NET\Framework\v2.0.50727\culture.dll
0x71030000 - 0x71048000 	C:\Windows\Microsoft.NET\Framework\v2.0.50727\pl\ShFusRes.dll
0x10000000 - 0x100a8000 	C:\Program Files (x86)\FlashDevelop\SciLexer.dll
0x68e90000 - 0x68e96000 	C:\Windows\SYSTEM32\Msimg32.DLL
0x671b0000 - 0x672ea000 	C:\Windows\SYSTEM32\PROPSYS.dll
0x76a20000 - 0x76aad000 	C:\Windows\SYSTEM32\clbcatq.dll
0x71000000 - 0x71023000 	C:\Windows\SYSTEM32\thumbcache.dll
0x71050000 - 0x710f0000 	C:\Windows\SYSTEM32\apphelp.dll
0x70fc0000 - 0x70ff8000 	C:\Program Files (x86)\Dropbox\Client\DropboxExt.43.dll
0x70f00000 - 0x70f0f000 	C:\Windows\system32\mssprxy.dll
0x645a0000 - 0x6461e000 	C:\Windows\SYSTEM32\sxs.dll
0x763c0000 - 0x76410000 	C:\Windows\SYSTEM32\ws2_32.dll
0x76f80000 - 0x76f87000 	C:\Windows\SYSTEM32\NSI.dll
0x72370000 - 0x723bb000 	C:\Windows\system32\mswsock.dll
0x0d660000 - 0x0d6b0000 	C:\Windows\assembly\GAC_MSIL\mscorlib.resources\2.0.0.0_pl_b77a5c561934e089\mscorlib.resources.dll
0x0d700000 - 0x0d736000 	C:\Windows\assembly\GAC_MSIL\System.resources\2.0.0.0_pl_b77a5c561934e089\System.resources.dll
0x658a0000 - 0x65c44000 	C:\Program Files (x86)\Java\jre1.8.0_31\bin\client\jvm.dll
0x723c0000 - 0x723c8000 	C:\Windows\SYSTEM32\WSOCK32.dll
0x70860000 - 0x70883000 	C:\Windows\SYSTEM32\WINMM.dll
0x765b0000 - 0x765b6000 	C:\Windows\SYSTEM32\PSAPI.DLL
0x72440000 - 0x724ff000 	C:\Windows\SYSTEM32\MSVCR100.dll
0x69720000 - 0x69743000 	C:\Windows\SYSTEM32\WINMMBASE.dll
0x721d0000 - 0x721f1000 	C:\Windows\SYSTEM32\DEVOBJ.dll
0x70ef0000 - 0x70efc000 	C:\Program Files (x86)\Java\jre1.8.0_31\bin\verify.dll
0x70ec0000 - 0x70ee1000 	C:\Program Files (x86)\Java\jre1.8.0_31\bin\java.dll
0x70ea0000 - 0x70eb3000 	C:\Program Files (x86)\Java\jre1.8.0_31\bin\zip.dll
0x70d20000 - 0x70e6a000 	C:\Windows\SYSTEM32\urlmon.dll
0x712d0000 - 0x71502000 	C:\Windows\SYSTEM32\iertutil.dll
0x71570000 - 0x71754000 	C:\Windows\SYSTEM32\WININET.dll
0x721a0000 - 0x721bb000 	C:\Windows\SYSTEM32\USERENV.dll

VM Arguments:
java_command: <unknown>
java_class_path (initial): C:\Program Files (x86)\FlashDevelop\Plugins\jni4net.j-0.8.8.0.jar;C:\Program Files (x86)\FlashDevelop\Plugins\fbd.j4n.jar;C:\Program Files (x86)\FlashDevelop\Plugins\jni4net.j-0.8.8.0.jar;C:\Program Files (x86)\FlashDevelop\Tools\flexlibs\lib\asc.jar;C:\Program Files (x86)\FlashDevelop\Tools\flexlibs\lib\fdb.jar;C:\Program Files (x86)\FlashDevelop\Tools\flexlibs\lib\legacy-common.jar
Launcher Type: generic

Environment Variables:
PATH=C:\Program Files (x86)\Java\jre1.8.0_31\bin\client\;C:\HaxeToolkit\neko;C:\HaxeToolkit\haxe;C:\ProgramData\Oracle\Java\javapath;C:\Program Files (x86)\Intel\iCLS Client\;C:\Program Files\Intel\iCLS Client\;C:\Windows\system32;C:\Windows;C:\Windows\System32\Wbem;C:\Windows\System32\WindowsPowerShell\v1.0\;C:\Program Files (x86)\Intel\OpenCL SDK\2.0\bin\x86;C:\Program Files (x86)\Intel\OpenCL SDK\2.0\bin\x64;C:\Program Files\Intel\Intel(R) Management Engine Components\DAL;C:\Program Files\Intel\Intel(R) Management Engine Components\IPT;C:\Program Files (x86)\Intel\Intel(R) Management Engine Components\DAL;C:\Program Files (x86)\Intel\Intel(R) Management Engine Components\IPT;C:\Program Files\Microsoft\Web Platform Installer\;C:\Program Files (x86)\Microsoft ASP.NET\ASP.NET Web Pages\v1.0\;C:\Program Files (x86)\Git\cmd;C:\Program Files (x86)\Skype\Phone\;C:\Program Files (x86)\Windows Kits\10\Windows Performance Toolkit\;C:\Program Files\Microsoft SQL Server\130\Tools\Binn\;C:\Program Files (x86)\GtkSharp\2.12\bin;C:\Program Files\Microsoft SQL Server\110\Tools\Binn\;C:\Program Files (x86)\Microsoft SDKs\TypeScript\1.0\;D:\cocos2d-x-3.12\templates;D:\cocos2d-x-3.12\tools\cocos2d-console\bin;C:\mongo;C:\python27;C:\ProgramData\chocolatey\bin;C:\tools\cygwin;%NODE_PATH%;C:\Program Files (x86)\FlashDevelop\Tools\AppMan;C:\Program Files (x86)\FlashDevelop
USERNAME=synek
OS=Windows_NT
PROCESSOR_IDENTIFIER=Intel64 Family 6 Model 58 Stepping 9, GenuineIntel



---------------  S Y S T E M  ---------------

OS: Windows 8 , 64 bit Build 9200 

CPU:total 4 (4 cores per cpu, 1 threads per core) family 6 model 58 stepping 9, cmov, cx8, fxsr, mmx, sse, sse2, sse3, ssse3, sse4.1, sse4.2, popcnt, avx, aes, clmul, erms, tsc, tscinvbit, tscinv

Memory: 4k page, physical 8068076k(4889656k free), swap 8592364k(5179720k free)

vm_info: Java HotSpot(TM) Client VM (25.31-b07) for windows-x86 JRE (1.8.0_31-b13), built on Dec 17 2014 20:46:12 by "java_re" with MS VC++ 10.0 (VS2010)

time: Fri Sep 30 03:54:34 2016
elapsed time: 24 seconds (0d 0h 0m 24s)

