#
# A fatal error has been detected by the Java Runtime Environment:
#
#  Internal Error (0xc0020001), pid=4528, tid=5796
#
# JRE version: Java(TM) SE Runtime Environment (8.0_31-b13) (build 1.8.0_31-b13)
# Java VM: Java HotSpot(TM) Client VM (25.31-b07 mixed mode windows-x86 )
# Problematic frame:
# C  [KERNELBASE.dll+0x14598]
#
# Failed to write core dump. Minidumps are not enabled by default on client versions of Windows
#
# If you would like to submit a bug report, please visit:
#   http://bugreport.java.com/bugreport/crash.jsp
# The crash happened outside the Java Virtual Machine in native code.
# See problematic frame for where to report the bug.
#

---------------  T H R E A D  ---------------

Current thread (0x0f0bf800):  JavaThread "Thread-1" daemon [_thread_in_native, id=5796, stack(0x0d010000,0x0d110000)]

siginfo: ExceptionCode=0xc0020001, ExceptionInformation=0x8007042b 

Registers:
EAX=0x0d10e400, EBX=0x0ecf0ef8, ECX=0x00000001, EDX=0x00000000
ESP=0x0d10e400, EBP=0x0d10e45c, ESI=0x06d272f8, EDI=0x0f0bf800
EIP=0x76934598, EFLAGS=0x00000216

Top of Stack: (sp=0x0d10e400)
0x0d10e400:   c0020001 00000001 00000000 76934598
0x0d10e410:   00000001 8007042b 0d10e460 0f0bf800
0x0d10e420:   0d10e478 65913851 0ed070ae 0ed070ae
0x0d10e430:   0f0bf800 00000000 0ed04698 0f0bf800
0x0d10e440:   0d10e46c 65962156 0f0bf800 65962232
0x0d10e450:   0f115068 58cb0213 0ed071d0 0d10e478
0x0d10e460:   6c5df47b c0020001 00000001 00000001
0x0d10e470:   0d10e474 8007042b 0d10e488 6c56e29e 

Instructions: (pc=0x76934598)
0x76934578:   e0 01 c7 44 24 0c 50 45 93 76 89 44 24 04 85 c9
0x76934588:   75 1f 21 4c 24 10 8d 04 24 50 ff 15 2c 63 9e 76
0x76934598:   8b 4c 24 54 33 cc e8 11 a7 ff ff 8b e5 5d c2 10
0x769345a8:   00 8b 45 10 83 f8 0f 77 18 89 44 24 10 c1 e0 02 


Register to memory mapping:

EAX=0x0d10e400 is pointing into the stack for thread: 0x0f0bf800
EBX={method} {0x0ecf0efc} 'setProgress' '(II)V' in 'flash/tools/debugger/__IProgress'
ECX=0x00000001 is an unknown value
EDX=0x00000000 is an unknown value
ESP=0x0d10e400 is pointing into the stack for thread: 0x0f0bf800
EBP=0x0d10e45c is pointing into the stack for thread: 0x0f0bf800
ESI=0x06d272f8 is an unknown value
EDI=0x0f0bf800 is a thread


Stack: [0x0d010000,0x0d110000],  sp=0x0d10e400,  free space=1017k
Native frames: (J=compiled Java code, j=interpreted, Vv=VM code, C=native code)
C  [KERNELBASE.dll+0x14598]
C  [mscorwks.dll+0x24f47b]
C  [mscorwks.dll+0x1de29e]
C  [mscorwks.dll+0x1e8d]
j  flash.tools.debugger.__IProgress.setProgress(II)V+0
j  flash.tools.debugger.concrete.PlayerSessionManager.accept(Lflash/tools/debugger/concrete/ProcessListener;Lflash/tools/debugger/IProgress;)Lflash/tools/debugger/Session;+96
j  flash.tools.debugger.concrete.PlayerSessionManager.accept(Lflash/tools/debugger/IProgress;)Lflash/tools/debugger/Session;+3
v  ~StubRoutines::call_stub
V  [jvm.dll+0x1473e5]
V  [jvm.dll+0x20d57e]
V  [jvm.dll+0x14747e]
V  [jvm.dll+0xd0e67]
V  [jvm.dll+0xd29cc]
C  [mscorwks.dll+0x1d39]
C  0x009ebe9f
C  0x0fa8230f
C  0x0fbb6e5c
C  0x0fbb518c
C  0x0fbb508d
C  [System.ni.dll+0x4a177d]
C  [System.ni.dll+0x4a14de]
C  [mscorwks.dll+0x1b6c]
C  [mscorwks.dll+0x18fba]
C  [mscorwks.dll+0x301473]
C  [mscorwks.dll+0x30190a]
C  [mscorlib.ni.dll+0x1b95c3]
C  [mscorlib.ni.dll+0x7b75b6]
C  [mscorlib.ni.dll+0x7b7578]
C  [mscorlib.ni.dll+0x20a913]
C  [mscorlib.ni.dll+0x20a7a9]
C  [mscorwks.dll+0x1b6c]
C  [mscorwks.dll+0x18fba]
C  [mscorwks.dll+0x195ab]
C  [mscorwks.dll+0x195ec]
C  [mscorwks.dll+0x19659]
C  [mscorwks.dll+0xa5ebf]
C  [mscorwks.dll+0x4547f]
C  [mscorwks.dll+0x4541b]
C  [mscorwks.dll+0x4533a]
C  [mscorwks.dll+0x454cd]
C  [mscorwks.dll+0x49274]
C  [mscorwks.dll+0xa5b54]
C  [mscorwks.dll+0x48f0d]
C  [mscorwks.dll+0x160ae9]
C  [KERNEL32.dll+0x17c04]
C  [ntdll.dll+0x5ad1f]
C  [ntdll.dll+0x5acea]
C  0x00000000

Java frames: (J=compiled Java code, j=interpreted, Vv=VM code)
j  flash.tools.debugger.__IProgress.setProgress(II)V+0
j  flash.tools.debugger.concrete.PlayerSessionManager.accept(Lflash/tools/debugger/concrete/ProcessListener;Lflash/tools/debugger/IProgress;)Lflash/tools/debugger/Session;+96
j  flash.tools.debugger.concrete.PlayerSessionManager.accept(Lflash/tools/debugger/IProgress;)Lflash/tools/debugger/Session;+3
v  ~StubRoutines::call_stub

---------------  P R O C E S S  ---------------

Java Threads: ( => current thread )
=>0x0f0bf800 JavaThread "Thread-1" daemon [_thread_in_native, id=5796, stack(0x0d010000,0x0d110000)]
  0x0f067400 JavaThread "Thread-0" daemon [_thread_in_native, id=2240, stack(0x048b0000,0x049b0000)]
  0x0efcac00 JavaThread "Service Thread" daemon [_thread_blocked, id=3928, stack(0x0f820000,0x0f920000)]
  0x0efc3c00 JavaThread "C1 CompilerThread0" daemon [_thread_blocked, id=1684, stack(0x0f6e0000,0x0f7e0000)]
  0x0efd0800 JavaThread "Attach Listener" daemon [_thread_blocked, id=5988, stack(0x0f5a0000,0x0f6a0000)]
  0x0efce800 JavaThread "Signal Dispatcher" daemon [_thread_blocked, id=724, stack(0x0f460000,0x0f560000)]
  0x0efa5400 JavaThread "Finalizer" daemon [_thread_blocked, id=2404, stack(0x0f320000,0x0f420000)]
  0x0ce3e400 JavaThread "Reference Handler" daemon [_thread_blocked, id=6108, stack(0x0f1e0000,0x0f2e0000)]
  0x0cecc000 JavaThread "main" [_thread_in_native, id=4748, stack(0x007c0000,0x008c0000)]

Other Threads:
  0x0ce3a800 VMThread [stack: 0x0eea0000,0x0efa0000] [id=4756]
  0x0efec000 WatcherThread [stack: 0x0f960000,0x0fa60000] [id=5440]

VM state:not at safepoint (normal execution)

VM Mutex/Monitor currently owned by a thread: None

Heap:
 def new generation   total 4928K, used 696K [0x12200000, 0x12750000, 0x17750000)
  eden space 4416K,   4% used [0x12200000, 0x1222e330, 0x12650000)
  from space 512K, 100% used [0x126d0000, 0x12750000, 0x12750000)
  to   space 512K,   0% used [0x12650000, 0x12650000, 0x126d0000)
 tenured generation   total 10944K, used 730K [0x17750000, 0x18200000, 0x22200000)
   the space 10944K,   6% used [0x17750000, 0x17806a70, 0x17806c00, 0x18200000)
 Metaspace       used 2658K, capacity 2888K, committed 3008K, reserved 4480K

Card table byte_map: [0x0ced0000,0x0cf60000] byte_map_base: 0x0ce3f000

Polling page: 0x0b340000

CodeCache: size=32768Kb used=773Kb max_used=773Kb free=31994Kb
 bounds [0x100b0000, 0x10178000, 0x120b0000]
 total_blobs=211 nmethods=68 adapters=75
 compilation: enabled

Compilation events (10 events):
Event: 0.416 Thread 0x0efc3c00   64             sun.misc.VM::allowArraySyntax (4 bytes)
Event: 0.416 Thread 0x0efc3c00 nmethod 64 0x10170808 code [0x10170900, 0x10170980]
Event: 0.427 Thread 0x0efc3c00   65             java.lang.Character::toLowerCase (6 bytes)
Event: 0.427 Thread 0x0efc3c00 nmethod 65 0x101709c8 code [0x10170ad0, 0x10170b78]
Event: 0.434 Thread 0x0efc3c00   66             java.lang.AbstractStringBuilder::expandCapacity (50 bytes)
Event: 0.434 Thread 0x0efc3c00 nmethod 66 0x10170c08 code [0x10170d20, 0x10170f58]
Event: 0.445 Thread 0x0efc3c00   67             java.lang.String::lastIndexOf (13 bytes)
Event: 0.445 Thread 0x0efc3c00 nmethod 67 0x101712c8 code [0x101713d0, 0x1017146c]
Event: 4.091 Thread 0x0efc3c00   68             java.lang.ref.Reference::<init> (25 bytes)
Event: 4.091 Thread 0x0efc3c00 nmethod 68 0x10171508 code [0x10171600, 0x101716b0]

GC Heap History (2 events):
Event: 1.193 GC heap before
{Heap before GC invocations=0 (full 0):
 def new generation   total 4928K, used 4416K [0x12200000, 0x12750000, 0x17750000)
  eden space 4416K, 100% used [0x12200000, 0x12650000, 0x12650000)
  from space 512K,   0% used [0x12650000, 0x12650000, 0x126d0000)
  to   space 512K,   0% used [0x126d0000, 0x126d0000, 0x12750000)
 tenured generation   total 10944K, used 0K [0x17750000, 0x18200000, 0x22200000)
   the space 10944K,   0% used [0x17750000, 0x17750000, 0x17750200, 0x18200000)
 Metaspace       used 2657K, capacity 2888K, committed 3008K, reserved 4480K
Event: 1.195 GC heap after
Heap after GC invocations=1 (full 0):
 def new generation   total 4928K, used 512K [0x12200000, 0x12750000, 0x17750000)
  eden space 4416K,   0% used [0x12200000, 0x12200000, 0x12650000)
  from space 512K, 100% used [0x126d0000, 0x12750000, 0x12750000)
  to   space 512K,   0% used [0x12650000, 0x12650000, 0x126d0000)
 tenured generation   total 10944K, used 730K [0x17750000, 0x18200000, 0x22200000)
   the space 10944K,   6% used [0x17750000, 0x17806a70, 0x17806c00, 0x18200000)
 Metaspace       used 2657K, capacity 2888K, committed 3008K, reserved 4480K
}

Deoptimization events (0 events):
No events

Internal exceptions (10 events):
Event: 16.066 Thread 0x0f0bf800 Exception <a 'java/net/SocketTimeoutException': Accept timed out> (0x122210c0) thrown at [C:\re\workspace\8-2-build-windows-i586-cygwin\jdk8u31\2394\hotspot\src\share\vm\prims\jni.cpp, line 742]
Event: 16.175 Thread 0x0f0bf800 Exception <a 'java/net/SocketTimeoutException': Accept timed out> (0x12221498) thrown at [C:\re\workspace\8-2-build-windows-i586-cygwin\jdk8u31\2394\hotspot\src\share\vm\prims\jni.cpp, line 742]
Event: 16.285 Thread 0x0f0bf800 Exception <a 'java/net/SocketTimeoutException': Accept timed out> (0x12221870) thrown at [C:\re\workspace\8-2-build-windows-i586-cygwin\jdk8u31\2394\hotspot\src\share\vm\prims\jni.cpp, line 742]
Event: 16.394 Thread 0x0f0bf800 Exception <a 'java/net/SocketTimeoutException': Accept timed out> (0x12221c48) thrown at [C:\re\workspace\8-2-build-windows-i586-cygwin\jdk8u31\2394\hotspot\src\share\vm\prims\jni.cpp, line 742]
Event: 16.504 Thread 0x0f0bf800 Exception <a 'java/net/SocketTimeoutException': Accept timed out> (0x12222020) thrown at [C:\re\workspace\8-2-build-windows-i586-cygwin\jdk8u31\2394\hotspot\src\share\vm\prims\jni.cpp, line 742]
Event: 16.613 Thread 0x0f0bf800 Exception <a 'java/net/SocketTimeoutException': Accept timed out> (0x122223f8) thrown at [C:\re\workspace\8-2-build-windows-i586-cygwin\jdk8u31\2394\hotspot\src\share\vm\prims\jni.cpp, line 742]
Event: 16.722 Thread 0x0f0bf800 Exception <a 'java/net/SocketTimeoutException': Accept timed out> (0x122227d0) thrown at [C:\re\workspace\8-2-build-windows-i586-cygwin\jdk8u31\2394\hotspot\src\share\vm\prims\jni.cpp, line 742]
Event: 16.828 Thread 0x0f0bf800 Exception <a 'java/net/SocketTimeoutException': Accept timed out> (0x12222bb8) thrown at [C:\re\workspace\8-2-build-windows-i586-cygwin\jdk8u31\2394\hotspot\src\share\vm\prims\jni.cpp, line 742]
Event: 16.937 Thread 0x0f0bf800 Exception <a 'java/net/SocketTimeoutException': Accept timed out> (0x12222f90) thrown at [C:\re\workspace\8-2-build-windows-i586-cygwin\jdk8u31\2394\hotspot\src\share\vm\prims\jni.cpp, line 742]
Event: 17.047 Thread 0x0f0bf800 Exception <a 'java/net/SocketTimeoutException': Accept timed out> (0x12223368) thrown at [C:\re\workspace\8-2-build-windows-i586-cygwin\jdk8u31\2394\hotspot\src\share\vm\prims\jni.cpp, line 742]

Events (10 events):
Event: 0.446 loading class java/net/Inet6Address
Event: 0.446 loading class java/net/Inet6Address done
Event: 0.446 loading class java/net/Inet6Address$Inet6AddressHolder
Event: 0.446 loading class java/net/Inet6Address$Inet6AddressHolder done
Event: 0.447 loading class java/net/Socket
Event: 0.448 loading class java/net/Socket done
Event: 1.193 Executing VM operation: GenCollectForAllocation
Event: 1.195 Executing VM operation: GenCollectForAllocation done
Event: 4.106 Executing VM operation: EnableBiasedLocking
Event: 4.107 Executing VM operation: EnableBiasedLocking done


Dynamic libraries:
0x006e0000 - 0x00740000 	C:\Program Files (x86)\FlashDevelop\FlashDevelop.exe
0x77320000 - 0x7748e000 	C:\Windows\SYSTEM32\ntdll.dll
0x74990000 - 0x749e6000 	C:\Windows\SYSTEM32\MSCOREE.DLL
0x76410000 - 0x76550000 	C:\Windows\SYSTEM32\KERNEL32.dll
0x76920000 - 0x769f7000 	C:\Windows\SYSTEM32\KERNELBASE.dll
0x771d0000 - 0x7724c000 	C:\Windows\SYSTEM32\ADVAPI32.dll
0x762f0000 - 0x763b3000 	C:\Windows\SYSTEM32\msvcrt.dll
0x77150000 - 0x77191000 	C:\Windows\SYSTEM32\sechost.dll
0x76af0000 - 0x76baa000 	C:\Windows\SYSTEM32\RPCRT4.dll
0x74b20000 - 0x74b3e000 	C:\Windows\SYSTEM32\SspiCli.dll
0x74b10000 - 0x74b1a000 	C:\Windows\SYSTEM32\CRYPTBASE.dll
0x74ab0000 - 0x74b04000 	C:\Windows\SYSTEM32\bcryptPrimitives.dll
0x74910000 - 0x74989000 	C:\Windows\Microsoft.NET\Framework\v4.0.30319\mscoreei.dll
0x75e60000 - 0x75ea5000 	C:\Windows\SYSTEM32\SHLWAPI.dll
0x760d0000 - 0x7624d000 	C:\Windows\SYSTEM32\combase.dll
0x76e20000 - 0x76f73000 	C:\Windows\SYSTEM32\USER32.dll
0x76600000 - 0x7670e000 	C:\Windows\SYSTEM32\GDI32.dll
0x771a0000 - 0x771c7000 	C:\Windows\system32\IMM32.DLL
0x76d00000 - 0x76e12000 	C:\Windows\SYSTEM32\MSCTF.dll
0x749f0000 - 0x749f9000 	C:\Windows\SYSTEM32\kernel.appcore.dll
0x74900000 - 0x74908000 	C:\Windows\SYSTEM32\VERSION.dll
0x6c390000 - 0x6c940000 	C:\Windows\Microsoft.NET\Framework\v2.0.50727\mscorwks.dll
0x6c2f0000 - 0x6c38b000 	C:\Windows\WinSxS\x86_microsoft.vc80.crt_1fc8b3b9a1e18e3b_8.0.50727.8428_none_d08a11e2442dc25d\MSVCR80.dll
0x74b40000 - 0x75ded000 	C:\Windows\SYSTEM32\shell32.dll
0x72100000 - 0x7218b000 	C:\Windows\SYSTEM32\SHCORE.dll
0x72190000 - 0x7219f000 	C:\Windows\SYSTEM32\profapi.dll
0x6b7f0000 - 0x6c2ea000 	C:\Windows\assembly\NativeImages_v2.0.50727_32\mscorlib\5bd3374f05d46ba0563f44d032209f08\mscorlib.ni.dll
0x76bb0000 - 0x76cd8000 	C:\Windows\SYSTEM32\ole32.dll
0x71760000 - 0x7184d000 	C:\Windows\system32\uxtheme.dll
0x71f70000 - 0x71fcb000 	C:\Windows\Microsoft.NET\Framework\v2.0.50727\mscorjit.dll
0x72ff0000 - 0x73009000 	C:\Windows\SYSTEM32\CRYPTSP.dll
0x72fc0000 - 0x72ff0000 	C:\Windows\system32\rsaenh.dll
0x72fa0000 - 0x72fbe000 	C:\Windows\SYSTEM32\bcrypt.dll
0x050f0000 - 0x05342000 	C:\Program Files (x86)\FlashDevelop\PluginCore.dll
0x6b040000 - 0x6b7e3000 	C:\Windows\assembly\NativeImages_v2.0.50727_32\System\4976746d2f27ea6b60301a84d6c3e4be\System.ni.dll
0x6e6b0000 - 0x6e839000 	C:\Windows\assembly\NativeImages_v2.0.50727_32\System.Drawing\7904ecbf722f1caec4b39e7d7ad3d302\System.Drawing.ni.dll
0x6a460000 - 0x6b040000 	C:\Windows\assembly\NativeImages_v2.0.50727_32\System.Windows.Forms\133152b6df870592541fe18bb5a6f833\System.Windows.Forms.ni.dll
0x69f20000 - 0x6a45b000 	C:\Windows\assembly\NativeImages_v2.0.50727_32\System.Xml\49201f5658aca21352debffb85ff41df\System.Xml.ni.dll
0x71850000 - 0x7185a000 	C:\Windows\SYSTEM32\secur32.dll
0x70890000 - 0x708aa000 	C:\Windows\system32\dwmapi.dll
0x69bc0000 - 0x69d30000 	C:\Windows\WinSxS\x86_microsoft.windows.gdiplus_6595b64144ccf1df_1.1.9600.17415_none_dad8722c5bcc2d8f\gdiplus.dll
0x6f020000 - 0x6f1a2000 	C:\Windows\SYSTEM32\DWrite.dll
0x71f60000 - 0x71f66000 	C:\Windows\SYSTEM32\shfolder.dll
0x6e470000 - 0x6e6a4000 	C:\Windows\assembly\NativeImages_v2.0.50727_32\System.Core\035d2a25a1bf16475e1bbc0a112b3388\System.Core.ni.dll
0x69810000 - 0x6997b000 	C:\Windows\SYSTEM32\WindowsCodecs.dll
0x76710000 - 0x767a5000 	C:\Windows\SYSTEM32\oleaut32.dll
0x06d60000 - 0x06dcc000 	C:\Windows\assembly\GAC_MSIL\System.Windows.Forms.resources\2.0.0.0_pl_b77a5c561934e089\System.Windows.Forms.resources.dll
0x71be0000 - 0x71de6000 	C:\Windows\WinSxS\x86_microsoft.windows.common-controls_6595b64144ccf1df_6.0.9600.17810_none_a9edf09f013934e0\comctl32.dll
0x06ef0000 - 0x06f28000 	C:\Program Files (x86)\FlashDevelop\Plugins\AirProperties.dll
0x06eb0000 - 0x06ec0000 	C:\Program Files (x86)\FlashDevelop\Plugins\AS2Context.dll
0x06f70000 - 0x0701c000 	C:\Program Files (x86)\FlashDevelop\Plugins\ASCompletion.dll
0x070d0000 - 0x070f6000 	C:\Program Files (x86)\FlashDevelop\Plugins\AS3Context.dll
0x07180000 - 0x071ae000 	C:\Program Files (x86)\FlashDevelop\Plugins\XMLCompletion.dll
0x071e0000 - 0x0720c000 	C:\Program Files (x86)\FlashDevelop\Aga.dll
0x71290000 - 0x712b8000 	C:\Windows\SYSTEM32\ntmarta.dll
0x07290000 - 0x072a0000 	C:\Program Files (x86)\FlashDevelop\Plugins\ASClassWizard.dll
0x68100000 - 0x6818c000 	C:\Windows\SYSTEM32\RichEd20.DLL
0x680e0000 - 0x680f6000 	C:\Windows\SYSTEM32\USP10.dll
0x680a0000 - 0x680d3000 	C:\Windows\SYSTEM32\msls31.dll
0x073f0000 - 0x073fa000 	C:\Program Files (x86)\FlashDevelop\Plugins\BasicCompletion.dll
0x07400000 - 0x0740c000 	C:\Program Files (x86)\FlashDevelop\Plugins\BookmarkPanel.dll
0x07420000 - 0x07428000 	C:\Program Files (x86)\FlashDevelop\Plugins\BridgeSettings.dll
0x07440000 - 0x0744a000 	C:\Program Files (x86)\FlashDevelop\Plugins\CodeAnalyzer.dll
0x07460000 - 0x074f4000 	C:\Program Files (x86)\FlashDevelop\Plugins\CodeFormatter.dll
0x07600000 - 0x07624000 	C:\Program Files (x86)\FlashDevelop\Antlr3.dll
0x07630000 - 0x07648000 	C:\Program Files (x86)\FlashDevelop\Plugins\CodeRefactor.dll
0x07690000 - 0x0769c000 	C:\Program Files (x86)\FlashDevelop\Plugins\CssCompletion.dll
0x076a0000 - 0x076a8000 	C:\Program Files (x86)\FlashDevelop\Plugins\DataEncoder.dll
0x076c0000 - 0x076f2000 	C:\Program Files (x86)\FlashDevelop\Plugins\fdb.j4n.dll
0x087b0000 - 0x08886000 	C:\Program Files (x86)\FlashDevelop\Plugins\jni4net.n-0.8.8.0.dll
0x07770000 - 0x0777e000 	C:\Program Files (x86)\FlashDevelop\Plugins\FileExplorer.dll
0x07790000 - 0x0779a000 	C:\Program Files (x86)\FlashDevelop\Plugins\FlashConnect.dll
0x077b0000 - 0x077da000 	C:\Program Files (x86)\FlashDevelop\Plugins\FlashDebugger.dll
0x07930000 - 0x0793c000 	C:\Program Files (x86)\FlashDevelop\Plugins\FlashLogViewer.dll
0x088a0000 - 0x088b4000 	C:\Program Files (x86)\FlashDevelop\Plugins\FlashViewer.dll
0x089d0000 - 0x08a3c000 	C:\Program Files (x86)\FlashDevelop\Plugins\ProjectManager.dll
0x08900000 - 0x08914000 	C:\Program Files (x86)\FlashDevelop\Plugins\HaXeContext.dll
0x08a60000 - 0x08a68000 	C:\Program Files (x86)\FlashDevelop\Plugins\jni4net.n.w32.v20-0.8.8.0.dll
0x08a80000 - 0x08a8e000 	C:\Program Files (x86)\FlashDevelop\Plugins\LayoutManager.dll
0x09460000 - 0x09936000 	C:\Windows\assembly\GAC_MSIL\System.Design\2.0.0.0__b03f5f7f11d50a3a\System.Design.dll
0x08ae0000 - 0x08af2000 	C:\Program Files (x86)\FlashDevelop\Plugins\LoomContext.dll
0x08b30000 - 0x08b3c000 	C:\Program Files (x86)\FlashDevelop\Plugins\MacroManager.dll
0x08b50000 - 0x08b5c000 	C:\Program Files (x86)\FlashDevelop\Plugins\OutputPanel.dll
0x08eb0000 - 0x08eba000 	C:\Program Files (x86)\FlashDevelop\Plugins\PHPContext.dll
0x08ef0000 - 0x08f0e000 	C:\Program Files (x86)\FlashDevelop\SwfOp.dll
0x70c50000 - 0x70d11000 	C:\Windows\assembly\NativeImages_v2.0.50727_32\System.Runtime.Remo#\42668ca5c417ea0facce3297686ace7a\System.Runtime.Remoting.ni.dll
0x09b80000 - 0x09b8e000 	C:\Program Files (x86)\FlashDevelop\Plugins\ResultsPanel.dll
0x09be0000 - 0x09bf6000 	C:\Program Files (x86)\FlashDevelop\Plugins\SourceControl.dll
0x09c00000 - 0x09c0a000 	C:\Program Files (x86)\FlashDevelop\Plugins\StartPage.dll
0x65c50000 - 0x667b3000 	C:\Windows\assembly\NativeImages_v2.0.50727_32\System.Web\77306c568257db3a14e6670f5ac04f01\System.Web.ni.dll
0x09c20000 - 0x09c2c000 	C:\Program Files (x86)\FlashDevelop\Plugins\TaskListPanel.dll
0x09c50000 - 0x09c64000 	C:\Users\synek\AppData\Local\FlashDevelop\Plugins\FindReplaceEx.dll
0x76f90000 - 0x77141000 	C:\Windows\SYSTEM32\SETUPAPI.dll
0x76ab0000 - 0x76aec000 	C:\Windows\SYSTEM32\CFGMGR32.dll
0x6ed40000 - 0x6ee33000 	C:\Windows\assembly\NativeImages_v2.0.50727_32\System.Configuration\ee6d89830b1aea077e5fc12fb95df6a0\System.Configuration.ni.dll
0x71f40000 - 0x71f5e000 	C:\Windows\Microsoft.NET\Framework\v2.0.50727\shfusion.dll
0x70f30000 - 0x70fb9000 	C:\Windows\WinSxS\x86_microsoft.windows.common-controls_6595b64144ccf1df_5.82.9600.17810_none_7c5b6194aa0716f1\COMCTL32.dll
0x71f30000 - 0x71f36000 	C:\Windows\Microsoft.NET\Framework\v2.0.50727\Fusion.dll
0x71f20000 - 0x71f28000 	C:\Windows\Microsoft.NET\Framework\v2.0.50727\culture.dll
0x71030000 - 0x71048000 	C:\Windows\Microsoft.NET\Framework\v2.0.50727\pl\ShFusRes.dll
0x10000000 - 0x100a8000 	C:\Program Files (x86)\FlashDevelop\SciLexer.dll
0x68e90000 - 0x68e96000 	C:\Windows\SYSTEM32\Msimg32.DLL
0x671b0000 - 0x672ea000 	C:\Windows\SYSTEM32\PROPSYS.dll
0x76a20000 - 0x76aad000 	C:\Windows\SYSTEM32\clbcatq.dll
0x71000000 - 0x71023000 	C:\Windows\SYSTEM32\thumbcache.dll
0x71050000 - 0x710f0000 	C:\Windows\SYSTEM32\apphelp.dll
0x70fc0000 - 0x70ff8000 	C:\Program Files (x86)\Dropbox\Client\DropboxExt.43.dll
0x70f00000 - 0x70f0f000 	C:\Windows\system32\mssprxy.dll
0x763c0000 - 0x76410000 	C:\Windows\SYSTEM32\ws2_32.dll
0x76f80000 - 0x76f87000 	C:\Windows\SYSTEM32\NSI.dll
0x72370000 - 0x723bb000 	C:\Windows\system32\mswsock.dll
0x0d210000 - 0x0d260000 	C:\Windows\assembly\GAC_MSIL\mscorlib.resources\2.0.0.0_pl_b77a5c561934e089\mscorlib.resources.dll
0x0d2b0000 - 0x0d2e6000 	C:\Windows\assembly\GAC_MSIL\System.resources\2.0.0.0_pl_b77a5c561934e089\System.resources.dll
0x645a0000 - 0x6461e000 	C:\Windows\SYSTEM32\sxs.dll
0x658a0000 - 0x65c44000 	C:\Program Files (x86)\Java\jre1.8.0_31\bin\client\jvm.dll
0x723c0000 - 0x723c8000 	C:\Windows\SYSTEM32\WSOCK32.dll
0x70860000 - 0x70883000 	C:\Windows\SYSTEM32\WINMM.dll
0x765b0000 - 0x765b6000 	C:\Windows\SYSTEM32\PSAPI.DLL
0x72440000 - 0x724ff000 	C:\Windows\SYSTEM32\MSVCR100.dll
0x69720000 - 0x69743000 	C:\Windows\SYSTEM32\WINMMBASE.dll
0x721d0000 - 0x721f1000 	C:\Windows\SYSTEM32\DEVOBJ.dll
0x70ef0000 - 0x70efc000 	C:\Program Files (x86)\Java\jre1.8.0_31\bin\verify.dll
0x70ec0000 - 0x70ee1000 	C:\Program Files (x86)\Java\jre1.8.0_31\bin\java.dll
0x70ea0000 - 0x70eb3000 	C:\Program Files (x86)\Java\jre1.8.0_31\bin\zip.dll
0x70d20000 - 0x70e6a000 	C:\Windows\SYSTEM32\urlmon.dll
0x712d0000 - 0x71502000 	C:\Windows\SYSTEM32\iertutil.dll
0x71570000 - 0x71754000 	C:\Windows\SYSTEM32\WININET.dll
0x721a0000 - 0x721bb000 	C:\Windows\SYSTEM32\USERENV.dll

VM Arguments:
java_command: <unknown>
java_class_path (initial): C:\Program Files (x86)\FlashDevelop\Plugins\jni4net.j-0.8.8.0.jar;C:\Program Files (x86)\FlashDevelop\Plugins\fbd.j4n.jar;C:\Program Files (x86)\FlashDevelop\Plugins\jni4net.j-0.8.8.0.jar;C:\Program Files (x86)\FlashDevelop\Tools\flexlibs\lib\asc.jar;C:\Program Files (x86)\FlashDevelop\Tools\flexlibs\lib\fdb.jar;C:\Program Files (x86)\FlashDevelop\Tools\flexlibs\lib\legacy-common.jar
Launcher Type: generic

Environment Variables:
PATH=C:\Program Files (x86)\Java\jre1.8.0_31\bin\client\;C:\HaxeToolkit\neko;C:\HaxeToolkit\haxe;C:\ProgramData\Oracle\Java\javapath;C:\Program Files (x86)\Intel\iCLS Client\;C:\Program Files\Intel\iCLS Client\;C:\Windows\system32;C:\Windows;C:\Windows\System32\Wbem;C:\Windows\System32\WindowsPowerShell\v1.0\;C:\Program Files (x86)\Intel\OpenCL SDK\2.0\bin\x86;C:\Program Files (x86)\Intel\OpenCL SDK\2.0\bin\x64;C:\Program Files\Intel\Intel(R) Management Engine Components\DAL;C:\Program Files\Intel\Intel(R) Management Engine Components\IPT;C:\Program Files (x86)\Intel\Intel(R) Management Engine Components\DAL;C:\Program Files (x86)\Intel\Intel(R) Management Engine Components\IPT;C:\Program Files\Microsoft\Web Platform Installer\;C:\Program Files (x86)\Microsoft ASP.NET\ASP.NET Web Pages\v1.0\;C:\Program Files (x86)\Git\cmd;C:\Program Files (x86)\Skype\Phone\;C:\Program Files (x86)\Windows Kits\10\Windows Performance Toolkit\;C:\Program Files\Microsoft SQL Server\130\Tools\Binn\;C:\Program Files (x86)\GtkSharp\2.12\bin;C:\Program Files\Microsoft SQL Server\110\Tools\Binn\;C:\Program Files (x86)\Microsoft SDKs\TypeScript\1.0\;D:\cocos2d-x-3.12\templates;D:\cocos2d-x-3.12\tools\cocos2d-console\bin;C:\mongo;C:\python27;C:\ProgramData\chocolatey\bin;C:\tools\cygwin;%NODE_PATH%;C:\Program Files (x86)\FlashDevelop\Tools\AppMan;C:\Program Files (x86)\FlashDevelop
USERNAME=synek
OS=Windows_NT
PROCESSOR_IDENTIFIER=Intel64 Family 6 Model 58 Stepping 9, GenuineIntel



---------------  S Y S T E M  ---------------

OS: Windows 8 , 64 bit Build 9200 

CPU:total 4 (4 cores per cpu, 1 threads per core) family 6 model 58 stepping 9, cmov, cx8, fxsr, mmx, sse, sse2, sse3, ssse3, sse4.1, sse4.2, popcnt, avx, aes, clmul, erms, tsc, tscinvbit, tscinv

Memory: 4k page, physical 8068076k(4891364k free), swap 8592364k(5174244k free)

vm_info: Java HotSpot(TM) Client VM (25.31-b07) for windows-x86 JRE (1.8.0_31-b13), built on Dec 17 2014 20:46:12 by "java_re" with MS VC++ 10.0 (VS2010)

time: Fri Sep 30 03:54:00 2016
elapsed time: 17 seconds (0d 0h 0m 17s)

