#
# A fatal error has been detected by the Java Runtime Environment:
#
#  Internal Error (0xc0020001), pid=6632, tid=0x00000f60
#
# JRE version: Java(TM) SE Runtime Environment (8.0_101-b13) (build 1.8.0_101-b13)
# Java VM: Java HotSpot(TM) Client VM (25.101-b13 mixed mode windows-x86 )
# Problematic frame:
# C  [KERNELBASE.dll+0xbdb18]
#
# Failed to write core dump. Minidumps are not enabled by default on client versions of Windows
#
# If you would like to submit a bug report, please visit:
#   http://bugreport.java.com/bugreport/crash.jsp
# The crash happened outside the Java Virtual Machine in native code.
# See problematic frame for where to report the bug.
#

---------------  T H R E A D  ---------------

Current thread (0x0c5e7c00):  JavaThread "Thread-3" daemon [_thread_in_native, id=3936, stack(0x0b8d0000,0x0b9d0000)]

siginfo: ExceptionCode=0xc0020001, ExceptionInformation=0x8007042b 

Registers:
EAX=0x0b9ce3b0, EBX=0x0001d4c0, ECX=0x00000001, EDX=0x00000000
ESP=0x0b9ce3b0, EBP=0x0b9ce40c, ESI=0x090c8708, EDI=0x0c5e7c00
EIP=0x7735db18, EFLAGS=0x00000212

Top of Stack: (sp=0x0b9ce3b0)
0x0b9ce3b0:   c0020001 00000001 00000000 7735db18
0x0b9ce3c0:   00000001 8007042b 124e59b0 0b9ce3d8
0x0b9ce3d0:   124e57a8 10180708 0b9ce548 10180b38
0x0b9ce3e0:   0e67acd3 0001d4c0 00006590 00016f30
0x0b9ce3f0:   0e67aabb 0001d4c0 1017ff28 124e59b0
0x0b9ce400:   0b9ce414 93fcba8e 5f3ee8aa 0b9ce428
0x0b9ce410:   5e5ff5eb c0020001 00000001 00000001
0x0b9ce420:   0b9ce424 8007042b 0b9ce438 5e58e4f3 

Instructions: (pc=0x7735db18)
0x7735daf8:   e0 01 c7 44 24 0c d0 da 35 77 89 44 24 04 85 c9
0x7735db08:   75 1f 21 4c 24 10 8d 04 24 50 ff 15 78 a3 3f 77
0x7735db18:   8b 4c 24 54 33 cc e8 11 12 02 00 8b e5 5d c2 10
0x7735db28:   00 8b 45 10 83 f8 0f 77 18 89 44 24 10 c1 e0 02 


Register to memory mapping:

EAX=0x0b9ce3b0 is pointing into the stack for thread: 0x0c5e7c00
EBX=0x0001d4c0 is an unknown value
ECX=0x00000001 is an unknown value
EDX=0x00000000 is an unknown value
ESP=0x0b9ce3b0 is pointing into the stack for thread: 0x0c5e7c00
EBP=0x0b9ce40c is pointing into the stack for thread: 0x0c5e7c00
ESI=0x090c8708 is an unknown value
EDI=0x0c5e7c00 is a thread


Stack: [0x0b8d0000,0x0b9d0000],  sp=0x0b9ce3b0,  free space=1016k
Native frames: (J=compiled Java code, j=interpreted, Vv=VM code, C=native code)
C  [KERNELBASE.dll+0xbdb18]
C  [mscorwks.dll+0x24f5eb]
C  [mscorwks.dll+0x1de4f3]
C  [mscorwks.dll+0x1e8d]
J 185  flash.tools.debugger.__IProgress.setProgress(II)V (0 bytes) @ 0x1018495e [0x101848d0+0x8e]
J 186 C1 flash.tools.debugger.concrete.PlayerSessionManager.accept(Lflash/tools/debugger/concrete/ProcessListener;Lflash/tools/debugger/IProgress;)Lflash/tools/debugger/Session; (167 bytes) @ 0x10184f0c [0x10184c50+0x2bc]
j  flash.tools.debugger.concrete.PlayerSessionManager.accept(Lflash/tools/debugger/IProgress;)Lflash/tools/debugger/Session;+3
v  ~StubRoutines::call_stub
V  [jvm.dll+0x15a2e5]
V